Adding in variants from internal_defaults
INFO:conda_build.variants:Adding in variants from internal_defaults
Adding in variants from /root/conda_build_config.yaml
INFO:conda_build.variants:Adding in variants from /root/conda_build_config.yaml
Adding in variants from /root/berryconda/recipes/pyzmq/conda_build_config.yaml
INFO:conda_build.variants:Adding in variants from /root/berryconda/recipes/pyzmq/conda_build_config.yaml
Attempting to finalize metadata for pyzmq
INFO:conda_build.metadata:Attempting to finalize metadata for pyzmq
Solving environment: ...working... done
Solving environment: ...working... failed
Adding in variants from /root/berryconda/recipes/zeromq/conda_build_config.yaml
INFO:conda_build.variants:Adding in variants from /root/berryconda/recipes/zeromq/conda_build_config.yaml
Adding in variants from config.variant
INFO:conda_build.variants:Adding in variants from config.variant
Missing dependency zeromq, but found recipe directory, so building zeromq first
Attempting to finalize metadata for zeromq
INFO:conda_build.metadata:Attempting to finalize metadata for zeromq
Solving environment: ...working... done
Solving environment: ...working... done
BUILD START: ['zeromq-4.2.5-h4f752ac_5.tar.bz2']
Solving environment: ...working... done

## Package Plan ##

  environment location: /root/berryconda3-aarch64/conda-bld/zeromq_1545482666176/_h_env_placehold_placehold_placehold_placehold_placehold_placehold_placehold_placehold_placehold_placehold_placehold_placehold_placehold_placehold_placehold_placehold_placehold_placehold_placehold_p


The following NEW packages will be INSTALLED:

    libsodium: 1.0.10-0 aarch64_gbox

Preparing transaction: ...working... done
Verifying transaction: ...working... done
Executing transaction: ...working... done
Solving environment: ...working... done
Solving environment: ...working... done

## Package Plan ##

  environment location: /root/berryconda3-aarch64/conda-bld/zeromq_1545482666176/_build_env


The following NEW packages will be INSTALLED:

    pkg-config:                        0.29.2-hdff2a78_1003 local
    system_compiler_c_linux-aarch64:   1.0.0-0              local
    system_compiler_cxx_linux-aarch64: 1.0.0-0              local
    system_compilers:                  1.0.0-0              local

Preparing transaction: ...working... done
Verifying transaction: ...working... done
Executing transaction: ...working... done
Source cache directory is: /root/berryconda3-aarch64/conda-bld/src_cache
Found source in cache: zeromq-4.2.5_cc9090ba35.tar.gz
Extracting download
Applying patch: '/root/berryconda/recipes/zeromq/rm-clang-format.patch'
Trying to apply patch as-is
INFO:conda_build.source:Trying to apply patch as-is
patching file CMakeLists.txt
patching file CMakeLists.txt
Hunk #1 succeeded at 1167 (offset 189 lines).
checking for a BSD-compatible install... /usr/bin/install -c
checking whether build environment is sane... yes
checking for a thread-safe mkdir -p... /bin/mkdir -p
checking for gawk... no
checking for mawk... mawk
checking whether make sets $(MAKE)... yes
checking whether make supports nested variables... yes
checking whether UID '0' is supported by ustar format... yes
checking whether GID '0' is supported by ustar format... yes
checking how to create a ustar tar archive... gnutar
checking whether make supports nested variables... (cached) yes
checking for gcc... gcc
checking whether the C compiler works... yes
checking for C compiler default output file name... a.out
checking for suffix of executables... 
checking whether we are cross compiling... no
checking for suffix of object files... o
checking whether we are using the GNU C compiler... yes
checking whether gcc accepts -g... yes
checking for gcc option to accept ISO C89... none needed
checking whether gcc understands -c and -o together... yes
checking for style of include used by make... GNU
checking dependency style of gcc... gcc3
checking whether C compiler accepts -std=gnu11... yes
checking whether we are using the GNU C++ compiler... yes
checking whether g++ accepts -g... yes
checking dependency style of g++... gcc3
checking whether g++ supports C++11 features by default... yes
checking for a sed that does not truncate output... /bin/sed
checking whether to build with code coverage support... no
checking for a sed that does not truncate output... (cached) /bin/sed
checking for gawk... (cached) mawk
checking for pkg-config... /root/berryconda3-aarch64/conda-bld/zeromq_1545482666176/_build_env/bin/pkg-config
checking pkg-config is at least version 0.9.0... yes
checking for xmlto... no
checking for asciidoc... no
checking build system type... aarch64-unknown-linux-gnu
checking host system type... aarch64-unknown-linux-gnu
checking how to print strings... printf
checking for a sed that does not truncate output... (cached) /bin/sed
checking for grep that handles long lines and -e... /bin/grep
checking for egrep... /bin/grep -E
checking for fgrep... /bin/grep -F
checking for ld used by gcc... /usr/bin/ld
checking if the linker (/usr/bin/ld) is GNU ld... yes
checking for BSD- or MS-compatible name lister (nm)... /usr/bin/nm -B
checking the name lister (/usr/bin/nm -B) interface... BSD nm
checking whether ln -s works... yes
checking the maximum length of command line arguments... 1572864
checking whether the shell understands some XSI constructs... yes
checking whether the shell understands "+="... yes
checking how to convert aarch64-unknown-linux-gnu file names to aarch64-unknown-linux-gnu format... func_convert_file_noop
checking how to convert aarch64-unknown-linux-gnu file names to toolchain format... func_convert_file_noop
checking for /usr/bin/ld option to reload object files... -r
checking for objdump... objdump
checking how to recognize dependent libraries... pass_all
checking for dlltool... dlltool
checking how to associate runtime and link libraries... printf %s\n
checking for ar... ar
checking for archiver @FILE support... @
checking for strip... strip
checking for ranlib... ranlib
checking command to parse /usr/bin/nm -B output from gcc object... ok
checking for sysroot... no
checking for mt... mt
checking if mt is a manifest tool... no
checking how to run the C preprocessor... gcc -E
checking for ANSI C header files... yes
checking for sys/types.h... yes
checking for sys/stat.h... yes
checking for stdlib.h... yes
checking for string.h... yes
checking for memory.h... yes
checking for strings.h... yes
checking for inttypes.h... yes
checking for stdint.h... yes
checking for unistd.h... yes
checking for dlfcn.h... yes
checking for objdir... .libs
checking if gcc supports -fno-rtti -fno-exceptions... no
checking for gcc option to produce PIC... -fPIC -DPIC
checking if gcc PIC flag -fPIC -DPIC works... yes
checking if gcc static flag -static works... yes
checking if gcc supports -c -o file.o... yes
checking if gcc supports -c -o file.o... (cached) yes
checking whether the gcc linker (/usr/bin/ld) supports shared libraries... yes
checking whether -lc should be explicitly linked in... no
checking dynamic linker characteristics... GNU/Linux ld.so
checking how to hardcode library paths into programs... immediate
checking whether stripping libraries is possible... yes
checking if libtool supports shared libraries... yes
checking whether to build shared libraries... yes
checking whether to build static libraries... yes
checking how to run the C++ preprocessor... g++ -E
checking for ld used by g++... /usr/bin/ld
checking if the linker (/usr/bin/ld) is GNU ld... yes
checking whether the g++ linker (/usr/bin/ld) supports shared libraries... yes
checking for g++ option to produce PIC... -fPIC -DPIC
checking if g++ PIC flag -fPIC -DPIC works... yes
checking if g++ static flag -static works... yes
checking if g++ supports -c -o file.o... yes
checking if g++ supports -c -o file.o... (cached) yes
checking whether the g++ linker (/usr/bin/ld) supports shared libraries... yes
checking dynamic linker characteristics... (cached) GNU/Linux ld.so
checking how to hardcode library paths into programs... immediate
checking for valgrind... no
checking whether the C compiler works... yes
checking whether we are using Intel C compiler... no
checking whether we are using Sun Studio C compiler... no
checking whether we are using clang C compiler... no
checking whether we are using gcc >= 4 C compiler... yes
checking whether the C++ compiler works... yes
checking whether we are using Intel C++ compiler... no
checking whether we are using Sun Studio C++ compiler... no
checking whether we are using clang C++ compiler... no
checking whether we are using gcc >= 4 C++ compiler... yes
checking whether to enable debugging information... no
checking whether to enable code coverage... no
checking if TIPC is available and supports nonblocking connect... yes
checking whether to enable ASan... no
checking for library containing dladdr... -ldl
checking for pthread_create in -lpthread... yes
checking for clock_gettime in -lrt... yes
checking whether C++ compiler supports -fvisibility=hidden... yes
checking whether C++ compiler supports dso visibility... yes
checking for asciidoc... no
checking for xmlto... no
checking whether to build documentation... no
checking whether to install manpages... yes
configure: Choosing polling system from 'kqueue epoll devpoll pollset poll select'...
configure: Using 'epoll' polling system with CLOEXEC
checking for ANSI C header files... (cached) yes
checking errno.h usability... yes
checking errno.h presence... yes
checking for errno.h... yes
checking time.h usability... yes
checking time.h presence... yes
checking for time.h... yes
checking for unistd.h... (cached) yes
checking limits.h usability... yes
checking limits.h presence... yes
checking for limits.h... yes
checking stddef.h usability... yes
checking stddef.h presence... yes
checking for stddef.h... yes
checking for stdlib.h... (cached) yes
checking for string.h... (cached) yes
checking arpa/inet.h usability... yes
checking arpa/inet.h presence... yes
checking for arpa/inet.h... yes
checking netinet/tcp.h usability... yes
checking netinet/tcp.h presence... yes
checking for netinet/tcp.h... yes
checking netinet/in.h usability... yes
checking netinet/in.h presence... yes
checking for netinet/in.h... yes
checking sys/socket.h usability... yes
checking sys/socket.h presence... yes
checking for sys/socket.h... yes
checking sys/time.h usability... yes
checking sys/time.h presence... yes
checking for sys/time.h... yes
checking ifaddrs.h usability... yes
checking ifaddrs.h presence... yes
checking for ifaddrs.h... yes
checking sys/uio.h usability... yes
checking sys/uio.h presence... yes
checking for sys/uio.h... yes
checking sys/eventfd.h usability... yes
checking sys/eventfd.h presence... yes
checking for sys/eventfd.h... yes
checking whether EFD_CLOEXEC is supported... yes
checking whether SO_PEERCRED is declared... yes
checking whether LOCAL_PEERCRED is declared... no
checking for stdbool.h that conforms to C99... no
checking for _Bool... no
checking for an ANSI C-conforming const... yes
checking for inline... inline
checking for size_t... yes
checking for ssize_t... yes
checking whether time.h and sys/time.h may both be included... yes
checking for uint32_t... yes
checking for working volatile... yes
checking for sodium... yes
configure: Using libsodium for CURVE security
checking "with_norm_ext = no"... no
checking how to enable additional warnings for C++ compiler... -Wall
checking how to turn warnings to errors in C++ compiler... -Werror
checking how to enable strict standards compliance in C++ compiler... -pedantic
checking whether compiler supports __atomic_Xxx intrinsics... yes
checking return type of signal handlers... void
checking for perror... yes
checking for gettimeofday... yes
checking for clock_gettime... yes
checking for memset... yes
checking for socket... yes
checking for getifaddrs... yes
checking for freeifaddrs... yes
checking for fork... yes
checking for posix_memalign... yes
checking for mkdtemp... yes
checking for accept4... yes
checking alloca.h usability... yes
checking alloca.h presence... yes
checking for alloca.h... yes
checking whether signature of pthread_setname_np() has 1 argument... no
checking whether signature of pthread_setname_np() has 2 arguments... yes
checking whether signature of pthread_setname_np() has 3 arguments... no
checking whether pthread_set_name_np() exists... no
checking whether pthread_setaffinity_np() exists... yes
checking whether SOCK_CLOEXEC is supported... yes
checking whether O_CLOEXEC is supported... yes
checking whether SO_BINDTODEVICE is supported... yes
checking whether SO_KEEPALIVE is supported... yes
checking whether TCP_KEEPCNT is supported... yes
checking whether TCP_KEEPIDLE is supported... yes
checking whether TCP_KEEPINTVL is supported... yes
checking whether TCP_KEEPALIVE is supported... no
checking whether getrandom is supported... no
checking for ./.git... no
configure: Building stable and legacy API (no draft API)
checking for LIBUNWIND... no
configure: WARNING: Cannot find libunwind
checking for clang-format... no
checking that generated files are newer than configure... done
configure: creating ./config.status
config.status: creating Makefile
config.status: creating src/libzmq.pc
config.status: creating doc/Makefile
config.status: creating builds/Makefile
config.status: creating builds/msvc/Makefile
config.status: creating src/platform.hpp
config.status: executing depfiles commands
config.status: executing libtool commands
Making all in doc
make[1]: Entering directory '/root/berryconda3-aarch64/conda-bld/zeromq_1545482666176/work/doc'
make[1]: Nothing to be done for 'all'.
make[1]: Leaving directory '/root/berryconda3-aarch64/conda-bld/zeromq_1545482666176/work/doc'
make[1]: Entering directory '/root/berryconda3-aarch64/conda-bld/zeromq_1545482666176/work'
  CC       external/unity/unity.o
  CXX      src/src_libzmq_la-address.lo
  CXX      src/src_libzmq_la-client.lo
  CXX      src/src_libzmq_la-clock.lo
  CXX      src/src_libzmq_la-ctx.lo
  CXX      src/src_libzmq_la-curve_client.lo
  CXX      src/src_libzmq_la-curve_mechanism_base.lo
  CXX      src/src_libzmq_la-curve_server.lo
  CXX      src/src_libzmq_la-dealer.lo
  CXX      src/src_libzmq_la-devpoll.lo
  CXX      src/src_libzmq_la-dgram.lo
  CXX      src/src_libzmq_la-dish.lo
  CXX      src/src_libzmq_la-dist.lo
  CXX      src/src_libzmq_la-epoll.lo
  CXX      src/src_libzmq_la-err.lo
  CXX      src/src_libzmq_la-fq.lo
  CXX      src/src_libzmq_la-gather.lo
  CXX      src/src_libzmq_la-gssapi_mechanism_base.lo
  CXX      src/src_libzmq_la-gssapi_client.lo
  CXX      src/src_libzmq_la-gssapi_server.lo
  CXX      src/src_libzmq_la-io_object.lo
  CXX      src/src_libzmq_la-io_thread.lo
  CXX      src/src_libzmq_la-ip.lo
  CXX      src/src_libzmq_la-ipc_address.lo
  CXX      src/src_libzmq_la-ipc_connecter.lo
  CXX      src/src_libzmq_la-ipc_listener.lo
  CXX      src/src_libzmq_la-kqueue.lo
  CXX      src/src_libzmq_la-lb.lo
  CXX      src/src_libzmq_la-mailbox.lo
  CXX      src/src_libzmq_la-mailbox_safe.lo
  CXX      src/src_libzmq_la-mechanism.lo
  CXX      src/src_libzmq_la-mechanism_base.lo
  CXX      src/src_libzmq_la-metadata.lo
  CXX      src/src_libzmq_la-msg.lo
  CXX      src/src_libzmq_la-mtrie.lo
  CXX      src/src_libzmq_la-norm_engine.lo
  CXX      src/src_libzmq_la-null_mechanism.lo
  CXX      src/src_libzmq_la-object.lo
  CXX      src/src_libzmq_la-options.lo
  CXX      src/src_libzmq_la-own.lo
  CXX      src/src_libzmq_la-pair.lo
  CXX      src/src_libzmq_la-pgm_receiver.lo
  CXX      src/src_libzmq_la-pgm_sender.lo
  CXX      src/src_libzmq_la-pgm_socket.lo
  CXX      src/src_libzmq_la-pipe.lo
  CXX      src/src_libzmq_la-plain_client.lo
  CXX      src/src_libzmq_la-plain_server.lo
  CXX      src/src_libzmq_la-poll.lo
  CXX      src/src_libzmq_la-poller_base.lo
  CXX      src/src_libzmq_la-pollset.lo
  CXX      src/src_libzmq_la-precompiled.lo
  CXX      src/src_libzmq_la-proxy.lo
  CXX      src/src_libzmq_la-pub.lo
  CXX      src/src_libzmq_la-pull.lo
  CXX      src/src_libzmq_la-push.lo
  CXX      src/src_libzmq_la-radio.lo
  CXX      src/src_libzmq_la-random.lo
  CXX      src/src_libzmq_la-raw_decoder.lo
  CXX      src/src_libzmq_la-raw_encoder.lo
  CXX      src/src_libzmq_la-reaper.lo
  CXX      src/src_libzmq_la-rep.lo
  CXX      src/src_libzmq_la-req.lo
  CXX      src/src_libzmq_la-router.lo
  CXX      src/src_libzmq_la-scatter.lo
  CXX      src/src_libzmq_la-select.lo
  CXX      src/src_libzmq_la-server.lo
  CXX      src/src_libzmq_la-session_base.lo
  CXX      src/src_libzmq_la-signaler.lo
  CXX      src/src_libzmq_la-socket_base.lo
  CXX      src/src_libzmq_la-socks.lo
  CXX      src/src_libzmq_la-socks_connecter.lo
  CXX      src/src_libzmq_la-stream.lo
  CXX      src/src_libzmq_la-stream_engine.lo
  CXX      src/src_libzmq_la-sub.lo
  CXX      src/src_libzmq_la-tcp.lo
  CXX      src/src_libzmq_la-tcp_address.lo
  CXX      src/src_libzmq_la-tcp_connecter.lo
  CXX      src/src_libzmq_la-tcp_listener.lo
  CXX      src/src_libzmq_la-thread.lo
  CXX      src/src_libzmq_la-timers.lo
  CXX      src/src_libzmq_la-tipc_address.lo
  CXX      src/src_libzmq_la-tipc_connecter.lo
  CXX      src/src_libzmq_la-tipc_listener.lo
  CXX      src/src_libzmq_la-trie.lo
  CXX      src/src_libzmq_la-udp_address.lo
  CXX      src/src_libzmq_la-udp_engine.lo
  CXX      src/src_libzmq_la-v1_decoder.lo
  CXX      src/src_libzmq_la-v2_decoder.lo
  CXX      src/src_libzmq_la-v1_encoder.lo
  CXX      src/src_libzmq_la-v2_encoder.lo
  CXX      src/src_libzmq_la-vmci.lo
  CXX      src/src_libzmq_la-vmci_address.lo
  CXX      src/src_libzmq_la-vmci_connecter.lo
  CXX      src/src_libzmq_la-vmci_listener.lo
  CXX      src/src_libzmq_la-xpub.lo
  CXX      src/src_libzmq_la-xsub.lo
  CXX      src/src_libzmq_la-zmq.lo
  CXX      src/src_libzmq_la-zmq_utils.lo
  CXX      src/src_libzmq_la-decoder_allocators.lo
  CXX      src/src_libzmq_la-socket_poller.lo
  CXX      src/src_libzmq_la-zap_client.lo
  CXX      tools/curve_keygen.o
  CXX      perf/local_lat.o
  CXX      perf/remote_lat.o
  CXX      perf/local_thr.o
  CXX      perf/remote_thr.o
  CXX      perf/inproc_lat.o
  CXX      perf/inproc_thr.o
  AR       external/unity/libunity.a
ar: `u' modifier ignored since `D' is the default (see `U')
  CXXLD    src/libzmq.la
ar: `u' modifier ignored since `D' is the default (see `U')
  CXXLD    tools/curve_keygen
  CXXLD    perf/local_lat
  CXXLD    perf/local_thr
  CXXLD    perf/remote_thr
  CXXLD    perf/remote_lat
  CXXLD    perf/inproc_lat
  CXXLD    perf/inproc_thr
make[1]: Leaving directory '/root/berryconda3-aarch64/conda-bld/zeromq_1545482666176/work'
Making check in doc
make[1]: Entering directory '/root/berryconda3-aarch64/conda-bld/zeromq_1545482666176/work/doc'
make[1]: Nothing to be done for 'check'.
make[1]: Leaving directory '/root/berryconda3-aarch64/conda-bld/zeromq_1545482666176/work/doc'
make[1]: Entering directory '/root/berryconda3-aarch64/conda-bld/zeromq_1545482666176/work'
make  tests/test_ancillaries tests/test_system tests/test_pair_inproc tests/test_pair_tcp tests/test_reqrep_inproc tests/test_reqrep_tcp tests/test_hwm tests/test_hwm_pubsub tests/test_reqrep_device tests/test_sub_forward tests/test_invalid_rep tests/test_msg_flags tests/test_msg_ffn tests/test_connect_resolve tests/test_immediate tests/test_last_endpoint tests/test_term_endpoint tests/test_srcfd tests/test_monitor tests/test_router_mandatory tests/test_router_mandatory_hwm tests/test_router_handover tests/test_probe_router tests/test_stream tests/test_stream_empty tests/test_stream_disconnect tests/test_stream_timeout tests/test_disconnect_inproc tests/test_unbind_inproc tests/test_unbind_wildcard tests/test_ctx_options tests/test_ctx_destroy tests/test_security_null tests/test_security_plain tests/test_security_zap tests/test_iov tests/test_spec_req tests/test_spec_rep tests/test_spec_dealer tests/test_spec_router tests/test_spec_pushpull tests/test_req_correlate tests/test_req_relaxed tests/test_conflate tests/test_inproc_connect tests/test_issue_566 tests/test_proxy tests/test_proxy_single_socket tests/test_proxy_terminate tests/test_getsockopt_memset tests/test_setsockopt tests/test_diffserv tests/test_connect_rid tests/test_bind_src_address tests/test_metadata tests/test_capabilities tests/test_xpub_nodrop tests/test_xpub_manual tests/test_xpub_welcome_msg tests/test_xpub_verbose tests/test_atomics tests/test_sockopt_hwm tests/test_heartbeats tests/test_stream_exceeds_buffer tests/test_pub_invert_matching tests/test_base85 tests/test_bind_after_connect_tcp tests/test_sodium tests/test_reconnect_ivl tests/test_socket_null tests/test_security_curve tests/test_shutdown_stress tests/test_ipc_wildcard tests/test_pair_ipc tests/test_rebind_ipc tests/test_reqrep_ipc tests/test_use_fd_ipc tests/test_use_fd_tcp tests/test_zmq_poll_fd tests/test_timeo tests/test_filter_ipc tests/test_fork tests/test_connect_delay_tipc tests/test_pair_tipc tests/test_reqrep_device_tipc tests/test_reqrep_tipc tests/test_router_mandatory_tipc tests/test_shutdown_stress_tipc tests/test_sub_forward_tipc tests/test_term_endpoint_tipc tests/test_address_tipc  tests/test_abstract_ipc tests/test_many_sockets   unittests/unittest_poller unittests/unittest_ypipe unittests/unittest_mtrie
make[2]: Entering directory '/root/berryconda3-aarch64/conda-bld/zeromq_1545482666176/work'
  CXX      tests/test_ancillaries.o
  CXXLD    tests/test_ancillaries
  CXX      tests/test_system.o
  CXXLD    tests/test_system
  CXX      tests/test_pair_inproc.o
  CXXLD    tests/test_pair_inproc
  CXX      tests/test_pair_tcp.o
  CXXLD    tests/test_pair_tcp
  CXX      tests/test_reqrep_inproc.o
  CXXLD    tests/test_reqrep_inproc
  CXX      tests/tests_test_reqrep_tcp-test_reqrep_tcp.o
  CXXLD    tests/test_reqrep_tcp
  CXX      tests/tests_test_hwm-test_hwm.o
  CXXLD    tests/test_hwm
  CXX      tests/test_hwm_pubsub.o
  CXXLD    tests/test_hwm_pubsub
  CXX      tests/test_reqrep_device.o
  CXXLD    tests/test_reqrep_device
  CXX      tests/test_sub_forward.o
  CXXLD    tests/test_sub_forward
  CXX      tests/test_invalid_rep.o
  CXXLD    tests/test_invalid_rep
  CXX      tests/test_msg_flags.o
  CXXLD    tests/test_msg_flags
  CXX      tests/test_msg_ffn.o
  CXXLD    tests/test_msg_ffn
  CXX      tests/tests_test_connect_resolve-test_connect_resolve.o
  CXXLD    tests/test_connect_resolve
  CXX      tests/tests_test_immediate-test_immediate.o
  CXXLD    tests/test_immediate
  CXX      tests/tests_test_last_endpoint-test_last_endpoint.o
  CXXLD    tests/test_last_endpoint
  CXX      tests/test_term_endpoint.o
  CXXLD    tests/test_term_endpoint
  CXX      tests/test_srcfd.o
  CXXLD    tests/test_srcfd
  CXX      tests/test_monitor.o
  CXXLD    tests/test_monitor
  CXX      tests/tests_test_router_mandatory-test_router_mandatory.o
  CXXLD    tests/test_router_mandatory
  CXX      tests/test_router_mandatory_hwm.o
  CXXLD    tests/test_router_mandatory_hwm
  CXX      tests/tests_test_router_handover-test_router_handover.o
  CXXLD    tests/test_router_handover
  CXX      tests/test_probe_router.o
  CXXLD    tests/test_probe_router
  CXX      tests/test_stream.o
  CXXLD    tests/test_stream
  CXX      tests/test_stream_empty.o
  CXXLD    tests/test_stream_empty
  CXX      tests/test_stream_disconnect.o
  CXXLD    tests/test_stream_disconnect
  CXX      tests/test_stream_timeout.o
  CXXLD    tests/test_stream_timeout
  CXX      tests/test_disconnect_inproc.o
  CXXLD    tests/test_disconnect_inproc
  CXX      tests/test_unbind_inproc.o
  CXXLD    tests/test_unbind_inproc
  CXX      tests/test_unbind_wildcard.o
  CXXLD    tests/test_unbind_wildcard
  CXX      tests/test_ctx_options.o
  CXXLD    tests/test_ctx_options
  CXX      tests/tests_test_ctx_destroy-test_ctx_destroy.o
  CXXLD    tests/test_ctx_destroy
  CXX      tests/test_security_null.o
  CXXLD    tests/test_security_null
  CXX      tests/test_security_plain.o
  CXXLD    tests/test_security_plain
  CXX      tests/test_security_zap.o
  CXXLD    tests/test_security_zap
  CXX      tests/test_iov.o
  CXXLD    tests/test_iov
  CXX      tests/test_spec_req.o
  CXXLD    tests/test_spec_req
  CXX      tests/test_spec_rep.o
  CXXLD    tests/test_spec_rep
  CXX      tests/test_spec_dealer.o
  CXXLD    tests/test_spec_dealer
  CXX      tests/test_spec_router.o
  CXXLD    tests/test_spec_router
  CXX      tests/test_spec_pushpull.o
  CXXLD    tests/test_spec_pushpull
  CXX      tests/test_req_correlate.o
  CXXLD    tests/test_req_correlate
  CXX      tests/test_req_relaxed.o
  CXXLD    tests/test_req_relaxed
  CXX      tests/tests_test_conflate-test_conflate.o
  CXXLD    tests/test_conflate
  CXX      tests/test_inproc_connect.o
  CXXLD    tests/test_inproc_connect
  CXX      tests/test_issue_566.o
  CXXLD    tests/test_issue_566
  CXX      tests/test_proxy.o
  CXXLD    tests/test_proxy
  CXX      tests/test_proxy_single_socket.o
  CXXLD    tests/test_proxy_single_socket
  CXX      tests/test_proxy_terminate.o
  CXXLD    tests/test_proxy_terminate
  CXX      tests/test_getsockopt_memset.o
  CXXLD    tests/test_getsockopt_memset
  CXX      tests/test_setsockopt.o
  CXXLD    tests/test_setsockopt
  CXX      tests/test_diffserv.o
  CXXLD    tests/test_diffserv
  CXX      tests/test_connect_rid.o
  CXXLD    tests/test_connect_rid
  CXX      tests/tests_test_bind_src_address-test_bind_src_address.o
  CXXLD    tests/test_bind_src_address
  CXX      tests/test_metadata.o
  CXXLD    tests/test_metadata
  CXX      tests/test_capabilities.o
  CXXLD    tests/test_capabilities
  CXX      tests/test_xpub_nodrop.o
  CXXLD    tests/test_xpub_nodrop
  CXX      tests/test_xpub_manual.o
  CXXLD    tests/test_xpub_manual
  CXX      tests/test_xpub_welcome_msg.o
  CXXLD    tests/test_xpub_welcome_msg
  CXX      tests/tests_test_xpub_verbose-test_xpub_verbose.o
  CXXLD    tests/test_xpub_verbose
  CXX      tests/test_atomics.o
  CXXLD    tests/test_atomics
  CXX      tests/tests_test_sockopt_hwm-test_sockopt_hwm.o
  CXXLD    tests/test_sockopt_hwm
  CXX      tests/test_heartbeats.o
  CXXLD    tests/test_heartbeats
  CXX      tests/test_stream_exceeds_buffer.o
  CXXLD    tests/test_stream_exceeds_buffer
  CXX      tests/test_pub_invert_matching.o
  CXXLD    tests/test_pub_invert_matching
  CXX      tests/test_base85.o
  CXXLD    tests/test_base85
  CXX      tests/tests_test_bind_after_connect_tcp-test_bind_after_connect_tcp.o
  CXXLD    tests/test_bind_after_connect_tcp
  CXX      tests/test_sodium.o
  CXXLD    tests/test_sodium
  CXX      tests/tests_test_reconnect_ivl-test_reconnect_ivl.o
  CXXLD    tests/test_reconnect_ivl
  CXX      tests/tests_test_socket_null-test_socket_null.o
  CXXLD    tests/test_socket_null
  CXX      tests/tests_test_security_curve-test_security_curve.o
  CXX      src/tests_test_security_curve-clock.o
  CXX      src/tests_test_security_curve-random.o
  CXX      src/tests_test_security_curve-err.o
  CXXLD    tests/test_security_curve
  CXX      tests/test_shutdown_stress.o
  CXXLD    tests/test_shutdown_stress
  CXX      tests/test_ipc_wildcard.o
  CXXLD    tests/test_ipc_wildcard
  CXX      tests/test_pair_ipc.o
  CXXLD    tests/test_pair_ipc
  CXX      tests/test_rebind_ipc.o
  CXXLD    tests/test_rebind_ipc
  CXX      tests/test_reqrep_ipc.o
  CXXLD    tests/test_reqrep_ipc
  CXX      tests/test_use_fd_ipc.o
  CXXLD    tests/test_use_fd_ipc
  CXX      tests/test_use_fd_tcp.o
  CXXLD    tests/test_use_fd_tcp
  CXX      tests/test_zmq_poll_fd.o
  CXXLD    tests/test_zmq_poll_fd
  CXX      tests/test_timeo.o
  CXXLD    tests/test_timeo
  CXX      tests/test_filter_ipc.o
  CXXLD    tests/test_filter_ipc
  CXX      tests/test_fork.o
  CXXLD    tests/test_fork
  CXX      tests/test_connect_delay_tipc.o
  CXXLD    tests/test_connect_delay_tipc
  CXX      tests/test_pair_tipc.o
  CXXLD    tests/test_pair_tipc
  CXX      tests/test_reqrep_device_tipc.o
  CXXLD    tests/test_reqrep_device_tipc
  CXX      tests/test_reqrep_tipc.o
  CXXLD    tests/test_reqrep_tipc
  CXX      tests/test_router_mandatory_tipc.o
  CXXLD    tests/test_router_mandatory_tipc
  CXX      tests/test_shutdown_stress_tipc.o
  CXXLD    tests/test_shutdown_stress_tipc
  CXX      tests/test_sub_forward_tipc.o
  CXXLD    tests/test_sub_forward_tipc
  CXX      tests/test_term_endpoint_tipc.o
  CXXLD    tests/test_term_endpoint_tipc
  CXX      tests/tests_test_address_tipc-test_address_tipc.o
  CXXLD    tests/test_address_tipc
  CXX      tests/test_abstract_ipc.o
  CXXLD    tests/test_abstract_ipc
  CXX      tests/test_many_sockets.o
  CXXLD    tests/test_many_sockets
  CXX      unittests/unittests_unittest_poller-unittest_poller.o
  CXXLD    unittests/unittest_poller
  CXX      unittests/unittests_unittest_ypipe-unittest_ypipe.o
  CXXLD    unittests/unittest_ypipe
  CXX      unittests/unittests_unittest_mtrie-unittest_mtrie.o
  CXXLD    unittests/unittest_mtrie
make[2]: Leaving directory '/root/berryconda3-aarch64/conda-bld/zeromq_1545482666176/work'
make  check-TESTS
make[2]: Entering directory '/root/berryconda3-aarch64/conda-bld/zeromq_1545482666176/work'
make[3]: Entering directory '/root/berryconda3-aarch64/conda-bld/zeromq_1545482666176/work'
PASS: tests/test_ancillaries
PASS: tests/test_system
PASS: tests/test_pair_inproc
PASS: tests/test_pair_tcp
PASS: tests/test_reqrep_inproc
PASS: tests/test_reqrep_tcp
PASS: tests/test_hwm
PASS: tests/test_hwm_pubsub
PASS: tests/test_reqrep_device
PASS: tests/test_sub_forward
PASS: tests/test_invalid_rep
PASS: tests/test_msg_flags
PASS: tests/test_msg_ffn
PASS: tests/test_connect_resolve
PASS: tests/test_immediate
PASS: tests/test_last_endpoint
PASS: tests/test_term_endpoint
PASS: tests/test_srcfd
PASS: tests/test_monitor
PASS: tests/test_router_mandatory
PASS: tests/test_router_mandatory_hwm
PASS: tests/test_router_handover
PASS: tests/test_probe_router
PASS: tests/test_stream
PASS: tests/test_stream_empty
PASS: tests/test_stream_disconnect
PASS: tests/test_stream_timeout
PASS: tests/test_disconnect_inproc
PASS: tests/test_unbind_inproc
PASS: tests/test_unbind_wildcard
PASS: tests/test_ctx_options
PASS: tests/test_ctx_destroy
PASS: tests/test_security_null
PASS: tests/test_security_plain
PASS: tests/test_security_zap
PASS: tests/test_iov
PASS: tests/test_spec_req
PASS: tests/test_spec_rep
PASS: tests/test_spec_dealer
PASS: tests/test_spec_router
PASS: tests/test_spec_pushpull
PASS: tests/test_req_correlate
PASS: tests/test_req_relaxed
PASS: tests/test_conflate
PASS: tests/test_inproc_connect
PASS: tests/test_issue_566
PASS: tests/test_proxy
PASS: tests/test_proxy_single_socket
PASS: tests/test_proxy_terminate
PASS: tests/test_getsockopt_memset
PASS: tests/test_setsockopt
PASS: tests/test_diffserv
PASS: tests/test_connect_rid
PASS: tests/test_bind_src_address
PASS: tests/test_metadata
PASS: tests/test_capabilities
PASS: tests/test_xpub_nodrop
PASS: tests/test_xpub_manual
PASS: tests/test_xpub_welcome_msg
PASS: tests/test_xpub_verbose
PASS: tests/test_atomics
PASS: tests/test_sockopt_hwm
PASS: tests/test_heartbeats
PASS: tests/test_stream_exceeds_buffer
PASS: tests/test_pub_invert_matching
PASS: tests/test_base85
PASS: tests/test_bind_after_connect_tcp
PASS: tests/test_sodium
PASS: tests/test_reconnect_ivl
PASS: tests/test_socket_null
PASS: tests/test_security_curve
PASS: tests/test_shutdown_stress
PASS: tests/test_ipc_wildcard
PASS: tests/test_pair_ipc
PASS: tests/test_rebind_ipc
PASS: tests/test_reqrep_ipc
PASS: tests/test_use_fd_ipc
PASS: tests/test_use_fd_tcp
PASS: tests/test_zmq_poll_fd
PASS: tests/test_timeo
PASS: tests/test_filter_ipc
PASS: tests/test_fork
SKIP: tests/test_connect_delay_tipc
SKIP: tests/test_pair_tipc
SKIP: tests/test_reqrep_device_tipc
SKIP: tests/test_reqrep_tipc
SKIP: tests/test_router_mandatory_tipc
SKIP: tests/test_shutdown_stress_tipc
SKIP: tests/test_sub_forward_tipc
SKIP: tests/test_term_endpoint_tipc
SKIP: tests/test_address_tipc
PASS: tests/test_abstract_ipc
PASS: tests/test_many_sockets
PASS: unittests/unittest_poller
PASS: unittests/unittest_ypipe
PASS: unittests/unittest_mtrie
make[4]: Entering directory '/root/berryconda3-aarch64/conda-bld/zeromq_1545482666176/work'
Making all in doc
make[5]: Entering directory '/root/berryconda3-aarch64/conda-bld/zeromq_1545482666176/work/doc'
make[5]: Nothing to be done for 'all'.
make[5]: Leaving directory '/root/berryconda3-aarch64/conda-bld/zeromq_1545482666176/work/doc'
make[5]: Entering directory '/root/berryconda3-aarch64/conda-bld/zeromq_1545482666176/work'
make[5]: Leaving directory '/root/berryconda3-aarch64/conda-bld/zeromq_1545482666176/work'
make[4]: Leaving directory '/root/berryconda3-aarch64/conda-bld/zeromq_1545482666176/work'
============================================================================
Testsuite summary for zeromq 4.2.5
============================================================================
# TOTAL: 96
# PASS:  87
# SKIP:  9
# XFAIL: 0
# FAIL:  0
# XPASS: 0
# ERROR: 0
============================================================================
make[3]: Leaving directory '/root/berryconda3-aarch64/conda-bld/zeromq_1545482666176/work'
make[2]: Leaving directory '/root/berryconda3-aarch64/conda-bld/zeromq_1545482666176/work'
make[1]: Leaving directory '/root/berryconda3-aarch64/conda-bld/zeromq_1545482666176/work'
Making install in doc
make[1]: Entering directory '/root/berryconda3-aarch64/conda-bld/zeromq_1545482666176/work/doc'
make[2]: Entering directory '/root/berryconda3-aarch64/conda-bld/zeromq_1545482666176/work/doc'
make[2]: Nothing to be done for 'install-exec-am'.
 /bin/mkdir -p '/root/berryconda3-aarch64/conda-bld/zeromq_1545482666176/_h_env_placehold_placehold_placehold_placehold_placehold_placehold_placehold_placehold_placehold_placehold_placehold_placehold_placehold_placehold_placehold_placehold_placehold_placehold_placehold_p/share/man/man3'
 /usr/bin/install -c -m 644 zmq_bind.3 zmq_unbind.3 zmq_connect.3 zmq_disconnect.3 zmq_close.3 zmq_ctx_new.3 zmq_ctx_term.3 zmq_ctx_get.3 zmq_ctx_set.3 zmq_ctx_shutdown.3 zmq_msg_init.3 zmq_msg_init_data.3 zmq_msg_init_size.3 zmq_msg_move.3 zmq_msg_copy.3 zmq_msg_size.3 zmq_msg_data.3 zmq_msg_close.3 zmq_msg_send.3 zmq_msg_recv.3 zmq_msg_routing_id.3 zmq_msg_set_routing_id.3 zmq_send.3 zmq_recv.3 zmq_send_const.3 zmq_msg_get.3 zmq_msg_set.3 zmq_msg_more.3 zmq_msg_gets.3 zmq_getsockopt.3 zmq_setsockopt.3 zmq_socket.3 zmq_socket_monitor.3 zmq_poll.3 zmq_errno.3 zmq_strerror.3 zmq_version.3 zmq_sendmsg.3 zmq_recvmsg.3 zmq_proxy.3 '/root/berryconda3-aarch64/conda-bld/zeromq_1545482666176/_h_env_placehold_placehold_placehold_placehold_placehold_placehold_placehold_placehold_placehold_placehold_placehold_placehold_placehold_placehold_placehold_placehold_placehold_placehold_placehold_p/share/man/man3'
 /usr/bin/install -c -m 644 zmq_proxy_steerable.3 zmq_z85_encode.3 zmq_z85_decode.3 zmq_curve_keypair.3 zmq_curve_public.3 zmq_has.3 zmq_atomic_counter_new.3 zmq_atomic_counter_set.3 zmq_atomic_counter_inc.3 zmq_atomic_counter_dec.3 zmq_atomic_counter_value.3 zmq_atomic_counter_destroy.3 '/root/berryconda3-aarch64/conda-bld/zeromq_1545482666176/_h_env_placehold_placehold_placehold_placehold_placehold_placehold_placehold_placehold_placehold_placehold_placehold_placehold_placehold_placehold_placehold_placehold_placehold_placehold_placehold_p/share/man/man3'
 /bin/mkdir -p '/root/berryconda3-aarch64/conda-bld/zeromq_1545482666176/_h_env_placehold_placehold_placehold_placehold_placehold_placehold_placehold_placehold_placehold_placehold_placehold_placehold_placehold_placehold_placehold_placehold_placehold_placehold_placehold_p/share/man/man7'
 /usr/bin/install -c -m 644 zmq.7 zmq_tcp.7 zmq_pgm.7 zmq_inproc.7 zmq_ipc.7 zmq_null.7 zmq_plain.7 zmq_curve.7 zmq_tipc.7 zmq_vmci.7 zmq_udp.7 zmq_gssapi.7 '/root/berryconda3-aarch64/conda-bld/zeromq_1545482666176/_h_env_placehold_placehold_placehold_placehold_placehold_placehold_placehold_placehold_placehold_placehold_placehold_placehold_placehold_placehold_placehold_placehold_placehold_placehold_placehold_p/share/man/man7'
make[2]: Leaving directory '/root/berryconda3-aarch64/conda-bld/zeromq_1545482666176/work/doc'
make[1]: Leaving directory '/root/berryconda3-aarch64/conda-bld/zeromq_1545482666176/work/doc'
make[1]: Entering directory '/root/berryconda3-aarch64/conda-bld/zeromq_1545482666176/work'
make[2]: Entering directory '/root/berryconda3-aarch64/conda-bld/zeromq_1545482666176/work'
 /bin/mkdir -p '/root/berryconda3-aarch64/conda-bld/zeromq_1545482666176/_h_env_placehold_placehold_placehold_placehold_placehold_placehold_placehold_placehold_placehold_placehold_placehold_placehold_placehold_placehold_placehold_placehold_placehold_placehold_placehold_p/lib'
 /bin/bash ./libtool   --mode=install /usr/bin/install -c   src/libzmq.la '/root/berryconda3-aarch64/conda-bld/zeromq_1545482666176/_h_env_placehold_placehold_placehold_placehold_placehold_placehold_placehold_placehold_placehold_placehold_placehold_placehold_placehold_placehold_placehold_placehold_placehold_placehold_placehold_p/lib'
libtool: install: /usr/bin/install -c src/.libs/libzmq.so.5.1.5 /root/berryconda3-aarch64/conda-bld/zeromq_1545482666176/_h_env_placehold_placehold_placehold_placehold_placehold_placehold_placehold_placehold_placehold_placehold_placehold_placehold_placehold_placehold_placehold_placehold_placehold_placehold_placehold_p/lib/libzmq.so.5.1.5
libtool: install: (cd /root/berryconda3-aarch64/conda-bld/zeromq_1545482666176/_h_env_placehold_placehold_placehold_placehold_placehold_placehold_placehold_placehold_placehold_placehold_placehold_placehold_placehold_placehold_placehold_placehold_placehold_placehold_placehold_p/lib && { ln -s -f libzmq.so.5.1.5 libzmq.so.5 || { rm -f libzmq.so.5 && ln -s libzmq.so.5.1.5 libzmq.so.5; }; })
libtool: install: (cd /root/berryconda3-aarch64/conda-bld/zeromq_1545482666176/_h_env_placehold_placehold_placehold_placehold_placehold_placehold_placehold_placehold_placehold_placehold_placehold_placehold_placehold_placehold_placehold_placehold_placehold_placehold_placehold_p/lib && { ln -s -f libzmq.so.5.1.5 libzmq.so || { rm -f libzmq.so && ln -s libzmq.so.5.1.5 libzmq.so; }; })
libtool: install: /usr/bin/install -c src/.libs/libzmq.lai /root/berryconda3-aarch64/conda-bld/zeromq_1545482666176/_h_env_placehold_placehold_placehold_placehold_placehold_placehold_placehold_placehold_placehold_placehold_placehold_placehold_placehold_placehold_placehold_placehold_placehold_placehold_placehold_p/lib/libzmq.la
libtool: install: /usr/bin/install -c src/.libs/libzmq.a /root/berryconda3-aarch64/conda-bld/zeromq_1545482666176/_h_env_placehold_placehold_placehold_placehold_placehold_placehold_placehold_placehold_placehold_placehold_placehold_placehold_placehold_placehold_placehold_placehold_placehold_placehold_placehold_p/lib/libzmq.a
libtool: install: chmod 644 /root/berryconda3-aarch64/conda-bld/zeromq_1545482666176/_h_env_placehold_placehold_placehold_placehold_placehold_placehold_placehold_placehold_placehold_placehold_placehold_placehold_placehold_placehold_placehold_placehold_placehold_placehold_placehold_p/lib/libzmq.a
libtool: install: ranlib /root/berryconda3-aarch64/conda-bld/zeromq_1545482666176/_h_env_placehold_placehold_placehold_placehold_placehold_placehold_placehold_placehold_placehold_placehold_placehold_placehold_placehold_placehold_placehold_placehold_placehold_placehold_placehold_p/lib/libzmq.a
libtool: finish: PATH="/root/berryconda3-aarch64/conda-bld/zeromq_1545482666176/_build_env/bin:/root/berryconda3-aarch64/conda-bld/zeromq_1545482666176/_h_env_placehold_placehold_placehold_placehold_placehold_placehold_placehold_placehold_placehold_placehold_placehold_placehold_placehold_placehold_placehold_placehold_placehold_placehold_placehold_p/bin:/root/berryconda3-aarch64/conda-bld/zeromq_1545482666176/_build_env:/root/berryconda3-aarch64/conda-bld/zeromq_1545482666176/_build_env/bin:/root/berryconda3-aarch64/bin:/root/berryconda3-aarch64/bin:/usr/local/sbin:/usr/local/bin:/usr/sbin:/usr/bin:/sbin:/bin:/sbin" ldconfig -n /root/berryconda3-aarch64/conda-bld/zeromq_1545482666176/_h_env_placehold_placehold_placehold_placehold_placehold_placehold_placehold_placehold_placehold_placehold_placehold_placehold_placehold_placehold_placehold_placehold_placehold_placehold_placehold_p/lib
----------------------------------------------------------------------
Libraries have been installed in:
   /root/berryconda3-aarch64/conda-bld/zeromq_1545482666176/_h_env_placehold_placehold_placehold_placehold_placehold_placehold_placehold_placehold_placehold_placehold_placehold_placehold_placehold_placehold_placehold_placehold_placehold_placehold_placehold_p/lib

If you ever happen to want to link against installed libraries
in a given directory, LIBDIR, you must either use libtool, and
specify the full pathname of the library, or use the `-LLIBDIR'
flag during linking and do at least one of the following:
   - add LIBDIR to the `LD_LIBRARY_PATH' environment variable
     during execution
   - add LIBDIR to the `LD_RUN_PATH' environment variable
     during linking
   - use the `-Wl,-rpath -Wl,LIBDIR' linker flag
   - have your system administrator add LIBDIR to `/etc/ld.so.conf'

See any operating system documentation about shared libraries for
more information, such as the ld(1) and ld.so(8) manual pages.
----------------------------------------------------------------------
 /bin/mkdir -p '/root/berryconda3-aarch64/conda-bld/zeromq_1545482666176/_h_env_placehold_placehold_placehold_placehold_placehold_placehold_placehold_placehold_placehold_placehold_placehold_placehold_placehold_placehold_placehold_placehold_placehold_placehold_placehold_p/bin'
  /bin/bash ./libtool   --mode=install /usr/bin/install -c tools/curve_keygen '/root/berryconda3-aarch64/conda-bld/zeromq_1545482666176/_h_env_placehold_placehold_placehold_placehold_placehold_placehold_placehold_placehold_placehold_placehold_placehold_placehold_placehold_placehold_placehold_placehold_placehold_placehold_placehold_p/bin'
libtool: install: /usr/bin/install -c tools/.libs/curve_keygen /root/berryconda3-aarch64/conda-bld/zeromq_1545482666176/_h_env_placehold_placehold_placehold_placehold_placehold_placehold_placehold_placehold_placehold_placehold_placehold_placehold_placehold_placehold_placehold_placehold_placehold_placehold_placehold_p/bin/curve_keygen
 /bin/mkdir -p '/root/berryconda3-aarch64/conda-bld/zeromq_1545482666176/_h_env_placehold_placehold_placehold_placehold_placehold_placehold_placehold_placehold_placehold_placehold_placehold_placehold_placehold_placehold_placehold_placehold_placehold_placehold_placehold_p/include'
 /usr/bin/install -c -m 644 include/zmq.h include/zmq_utils.h '/root/berryconda3-aarch64/conda-bld/zeromq_1545482666176/_h_env_placehold_placehold_placehold_placehold_placehold_placehold_placehold_placehold_placehold_placehold_placehold_placehold_placehold_placehold_placehold_placehold_placehold_placehold_placehold_p/include'
 /bin/mkdir -p '/root/berryconda3-aarch64/conda-bld/zeromq_1545482666176/_h_env_placehold_placehold_placehold_placehold_placehold_placehold_placehold_placehold_placehold_placehold_placehold_placehold_placehold_placehold_placehold_placehold_placehold_placehold_placehold_p/lib/pkgconfig'
 /usr/bin/install -c -m 644 src/libzmq.pc '/root/berryconda3-aarch64/conda-bld/zeromq_1545482666176/_h_env_placehold_placehold_placehold_placehold_placehold_placehold_placehold_placehold_placehold_placehold_placehold_placehold_placehold_placehold_placehold_placehold_placehold_placehold_placehold_p/lib/pkgconfig'
make[2]: Leaving directory '/root/berryconda3-aarch64/conda-bld/zeromq_1545482666176/work'
make[1]: Leaving directory '/root/berryconda3-aarch64/conda-bld/zeromq_1545482666176/work'
Applying patch: '/root/berryconda/recipes/zeromq/0003-windows-install.patch'
source tree in: /root/berryconda3-aarch64/conda-bld/zeromq_1545482666176/work

Resource usage statistics from building zeromq:
   Process count: 34
   CPU time: Sys=0:00:26.7, User=0:06:58.2
   Memory: 586.9M
   Disk usage: 7.5M
   Time elapsed: 0:08:14.1

Packaging zeromq
INFO:conda_build.build:Packaging zeromq
Packaging zeromq-4.2.5-h4f752ac_5
INFO:conda_build.build:Packaging zeromq-4.2.5-h4f752ac_5
number of files: 75
Making absolute symlink lib/libzmq.so.5 -> libzmq.so.5.1.5 relative
Making absolute symlink lib/libzmq.so -> libzmq.so.5.1.5 relative
patchelf: file: /root/berryconda3-aarch64/conda-bld/zeromq_1545482666176/_h_env_placehold_placehold_placehold_placehold_placehold_placehold_placehold_placehold_placehold_placehold_placehold_placehold_placehold_placehold_placehold_placehold_placehold_placehold_placehold_p/lib/libzmq.so.5.1.5
    setting rpath to: $ORIGIN/.
patchelf: file: /root/berryconda3-aarch64/conda-bld/zeromq_1545482666176/_h_env_placehold_placehold_placehold_placehold_placehold_placehold_placehold_placehold_placehold_placehold_placehold_placehold_placehold_placehold_placehold_placehold_placehold_placehold_placehold_p/bin/curve_keygen
    setting rpath to: $ORIGIN/../lib
WARNING (zeromq,lib/libzmq.so.5.1.5): did not find - or even know where to look for: libgcc_s.so.1
WARNING (zeromq,lib/libzmq.so.5.1.5): did not find - or even know where to look for: libdl.so.2
WARNING (zeromq,lib/libzmq.so.5.1.5): did not find - or even know where to look for: libc.so.6
WARNING (zeromq,lib/libzmq.so.5.1.5): did not find - or even know where to look for: librt.so.1
WARNING (zeromq,lib/libzmq.so.5.1.5): did not find - or even know where to look for: libpthread.so.0
WARNING (zeromq,lib/libzmq.so.5.1.5): did not find - or even know where to look for: libstdc++.so.6
   INFO (zeromq,lib/libzmq.so.5.1.5): Needed DSO lib/libsodium.so.18 found in aarch64_gbox::libsodium-1.0.10-0
WARNING (zeromq,lib/libzmq.so.5.1.5): did not find - or even know where to look for: libm.so.6
WARNING (zeromq,bin/curve_keygen): did not find - or even know where to look for: libgcc_s.so.1
WARNING (zeromq,bin/curve_keygen): did not find - or even know where to look for: libdl.so.2
WARNING (zeromq,bin/curve_keygen): did not find - or even know where to look for: libc.so.6
WARNING (zeromq,bin/curve_keygen): did not find - or even know where to look for: librt.so.1
WARNING (zeromq,bin/curve_keygen): did not find - or even know where to look for: libstdc++.so.6
WARNING (zeromq,bin/curve_keygen): did not find - or even know where to look for: libpthread.so.0
   INFO (zeromq,bin/curve_keygen): lib/libzmq.so.5 found in this package
WARNING (zeromq,bin/curve_keygen): did not find - or even know where to look for: libm.so.6
Fixing permissions
Detected hard-coded path in text file lib/cmake/ZeroMQ/ZeroMQConfig.cmake
Detected hard-coded path in text file lib/libzmq.la
Detected hard-coded path in text file lib/pkgconfig/libzmq.pc
updating: zeromq-4.2.5-h4f752ac_5.tar.bz2
TEST START: /root/berryconda3-aarch64/conda-bld/linux-aarch64/zeromq-4.2.5-h4f752ac_5.tar.bz2
Updating index at /root/berryconda3-aarch64/conda-bld/linux-aarch64 to make package installable with dependencies
INFO:conda_build.build:Updating index at /root/berryconda3-aarch64/conda-bld/linux-aarch64 to make package installable with dependencies
Updating index at /root/berryconda3-aarch64/conda-bld/noarch to make package installable with dependencies
INFO:conda_build.build:Updating index at /root/berryconda3-aarch64/conda-bld/noarch to make package installable with dependencies
Renaming build prefix directory,  /root/berryconda3-aarch64/conda-bld/zeromq_1545482666176/_build_env  to  /root/berryconda3-aarch64/conda-bld/zeromq_1545482666176/build_prefix_moved_zeromq-4.2.5-h4f752ac_5_linux-aarch64
Renaming work directory,  /root/berryconda3-aarch64/conda-bld/zeromq_1545482666176/work  to  /root/berryconda3-aarch64/conda-bld/zeromq_1545482666176/work_moved_zeromq-4.2.5-h4f752ac_5_linux-aarch64
Solving environment: ...working... done

## Package Plan ##

  environment location: /root/berryconda3-aarch64/conda-bld/zeromq_1545482666176/_test_env_placehold_placehold_placehold_placehold_placehold_placehold_placehold_placehold_placehold_placehold_placehold_placehold_placehold_placehold_placehold_placehold_placehold_placehold_placehol


The following NEW packages will be INSTALLED:

    libsodium: 1.0.10-0         aarch64_gbox
    zeromq:    4.2.5-h4f752ac_5 local       

Preparing transaction: ...working... done
Verifying transaction: ...working... done
Executing transaction: ...working... done
+ test -f /root/berryconda3-aarch64/conda-bld/zeromq_1545482666176/_test_env_placehold_placehold_placehold_placehold_placehold_placehold_placehold_placehold_placehold_placehold_placehold_placehold_placehold_placehold_placehold_placehold_placehold_placehold_placehol/lib/libzmq.a
+ test -f /root/berryconda3-aarch64/conda-bld/zeromq_1545482666176/_test_env_placehold_placehold_placehold_placehold_placehold_placehold_placehold_placehold_placehold_placehold_placehold_placehold_placehold_placehold_placehold_placehold_placehold_placehold_placehol/lib/libzmq.so
+ test -f /root/berryconda3-aarch64/conda-bld/zeromq_1545482666176/_test_env_placehold_placehold_placehold_placehold_placehold_placehold_placehold_placehold_placehold_placehold_placehold_placehold_placehold_placehold_placehold_placehold_placehold_placehold_placehol/lib/libzmq.so.5
+ ldd /root/berryconda3-aarch64/conda-bld/zeromq_1545482666176/_test_env_placehold_placehold_placehold_placehold_placehold_placehold_placehold_placehold_placehold_placehold_placehold_placehold_placehold_placehold_placehold_placehold_placehold_placehold_placehol/lib/libzmq.so
+ grep sodium
	libsodium.so.18 => /root/berryconda3-aarch64/conda-bld/zeromq_1545482666176/_test_env_placehold_placehold_placehold_placehold_placehold_placehold_placehold_placehold_placehold_placehold_placehold_placehold_placehold_placehold_placehold_placehold_placehold_placehold_placehol/lib/./libsodium.so.18 (0x0000ffff92844000)
+ test -f /root/berryconda3-aarch64/conda-bld/zeromq_1545482666176/_test_env_placehold_placehold_placehold_placehold_placehold_placehold_placehold_placehold_placehold_placehold_placehold_placehold_placehold_placehold_placehold_placehold_placehold_placehold_placehol/lib/cmake/ZeroMQ/ZeroMQConfig.cmake
+ test -f /root/berryconda3-aarch64/conda-bld/zeromq_1545482666176/_test_env_placehold_placehold_placehold_placehold_placehold_placehold_placehold_placehold_placehold_placehold_placehold_placehold_placehold_placehold_placehold_placehold_placehold_placehold_placehol/lib/cmake/ZeroMQ/ZeroMQConfigVersion.cmake
+ /root/berryconda3-aarch64/conda-bld/zeromq_1545482666176/_test_env_placehold_placehold_placehold_placehold_placehold_placehold_placehold_placehold_placehold_placehold_placehold_placehold_placehold_placehold_placehold_placehold_placehold_placehold_placehol/bin/curve_keygen
This tool generates a CurveZMQ keypair, as two printable strings you can
use in configuration files or source code. The encoding uses Z85, which
is a base-85 format that is described in 0MQ RFC 32, and which has an
implementation in the z85_codec.h source used by this tool. The keypair
always works with the secret key held by one party and the public key
distributed (securely!) to peers wishing to connect to it.

== CURVE PUBLIC KEY ==
@HLbe.KYX])!W-du}PYFUA?Xy){PD8poYCR<SjyG

== CURVE SECRET KEY ==
ik&s6q)1b+Xq1y&*2Ta+[l)>e2L6+{O&Ig2ToiOL
+ exit 0

Resource usage statistics from testing zeromq:
   Process count: 1
   CPU time: unavailable
   Memory: 2.6M
   Disk usage: 12B
   Time elapsed: 0:00:02.1

TEST END: /root/berryconda3-aarch64/conda-bld/linux-aarch64/zeromq-4.2.5-h4f752ac_5.tar.bz2
Renaming work directory,  /root/berryconda3-aarch64/conda-bld/zeromq_1545482666176/work  to  /root/berryconda3-aarch64/conda-bld/zeromq_1545482666176/work_moved_zeromq-4.2.5-h4f752ac_5_linux-aarch64_main_build_loop
Solving environment: ...working... done
Solving environment: ...working... done
BUILD START: ['pyzmq-17.1.2-py36h7dfa1d7_0.tar.bz2']
Solving environment: ...working... done

## Package Plan ##

  environment location: /root/berryconda3-aarch64/conda-bld/pyzmq_1545483184639/_h_env_placehold_placehold_placehold_placehold_placehold_placehold_placehold_placehold_placehold_placehold_placehold_placehold_placehold_placehold_placehold_placehold_placehold_placehold_placehold_pl


The following NEW packages will be INSTALLED:

    ca-certificates: 2018.11.29-h118df0a_0 local       
    certifi:         2018.11.29-py36_1000  local       
    libsodium:       1.0.10-0              aarch64_gbox
    ncurses:         6.1-h4f752ac_1        local       
    openssl:         1.0.2p-hdff2a78_1001  rpi64       
    pip:             18.0-py36_1           local       
    python:          3.6.6-hd0568c0_1      rpi64       
    readline:        7.0-hcb560eb_1        local       
    setuptools:      40.2.0-py36_0         local       
    sqlite:          3.26.0-hd574d03_1000  local       
    wheel:           0.32.3-py36_0         rpi64       
    xz:              5.2.4-hdff2a78_1      rpi64       
    zeromq:          4.2.5-h4f752ac_5      local       
    zlib:            1.2.11-hdff2a78_1003  rpi64       

Preparing transaction: ...working... done
Verifying transaction: ...working... done
Executing transaction: ...working... done
Solving environment: ...working... done

## Package Plan ##

  environment location: /root/berryconda3-aarch64/conda-bld/pyzmq_1545483184639/_build_env


The following NEW packages will be INSTALLED:

    pkg-config:                        0.29.2-hdff2a78_1003 local
    system_compiler_c_linux-aarch64:   1.0.0-0              local
    system_compiler_cxx_linux-aarch64: 1.0.0-0              local
    system_compilers:                  1.0.0-0              local

Preparing transaction: ...working... done
Verifying transaction: ...working... done
Executing transaction: ...working... done
Processing /root/berryconda3-aarch64/conda-bld/pyzmq_1545483184639/work
Installing collected packages: pyzmq
  Running setup.py install for pyzmq: started
    Running setup.py install for pyzmq: still running...
    Running setup.py install for pyzmq: finished with status 'done'
Successfully installed pyzmq-17.1.2
/root/berryconda3-aarch64/conda-bld/pyzmq_1545483184639/_h_env_placehold_placehold_placehold_placehold_placehold_placehold_placehold_placehold_placehold_placehold_placehold_placehold_placehold_placehold_placehold_placehold_placehold_placehold_placehold_pl/lib/python3.6/site-packages/pip/_internal/commands/install.py:206: UserWarning: Disabling all use of wheels due to the use of --build-options / --global-options / --install-options.
  cmdoptions.check_install_build_global(options)
Source cache directory is: /root/berryconda3-aarch64/conda-bld/src_cache
Downloading source to cache: pyzmq-17.1.2_a72b82ac19.tar.gz
Downloading https://pypi.io/packages/source/p/pyzmq/pyzmq-17.1.2.tar.gz
Success
Extracting download
source tree in: /root/berryconda3-aarch64/conda-bld/pyzmq_1545483184639/work

Resource usage statistics from building pyzmq:
   Process count: 6
   CPU time: Sys=0:00:02.1, User=0:01:11.9
   Memory: 183.9M
   Disk usage: 6.7K
   Time elapsed: 0:01:32.9

Packaging pyzmq
INFO:conda_build.build:Packaging pyzmq
compiling .pyc files...
number of files: 259
patchelf: file: /root/berryconda3-aarch64/conda-bld/pyzmq_1545483184639/_h_env_placehold_placehold_placehold_placehold_placehold_placehold_placehold_placehold_placehold_placehold_placehold_placehold_placehold_placehold_placehold_placehold_placehold_placehold_placehold_pl/lib/python3.6/site-packages/zmq/backend/cython/error.cpython-36m-aarch64-linux-gnu.so
    setting rpath to: $ORIGIN/../../../../..
patchelf: file: /root/berryconda3-aarch64/conda-bld/pyzmq_1545483184639/_h_env_placehold_placehold_placehold_placehold_placehold_placehold_placehold_placehold_placehold_placehold_placehold_placehold_placehold_placehold_placehold_placehold_placehold_placehold_placehold_pl/lib/python3.6/site-packages/zmq/backend/cython/constants.cpython-36m-aarch64-linux-gnu.so
    setting rpath to: $ORIGIN/../../../../..
patchelf: file: /root/berryconda3-aarch64/conda-bld/pyzmq_1545483184639/_h_env_placehold_placehold_placehold_placehold_placehold_placehold_placehold_placehold_placehold_placehold_placehold_placehold_placehold_placehold_placehold_placehold_placehold_placehold_placehold_pl/lib/python3.6/site-packages/zmq/backend/cython/message.cpython-36m-aarch64-linux-gnu.so
    setting rpath to: $ORIGIN/../../../../..
patchelf: file: /root/berryconda3-aarch64/conda-bld/pyzmq_1545483184639/_h_env_placehold_placehold_placehold_placehold_placehold_placehold_placehold_placehold_placehold_placehold_placehold_placehold_placehold_placehold_placehold_placehold_placehold_placehold_placehold_pl/lib/python3.6/site-packages/zmq/backend/cython/_device.cpython-36m-aarch64-linux-gnu.so
    setting rpath to: $ORIGIN/../../../../..
patchelf: file: /root/berryconda3-aarch64/conda-bld/pyzmq_1545483184639/_h_env_placehold_placehold_placehold_placehold_placehold_placehold_placehold_placehold_placehold_placehold_placehold_placehold_placehold_placehold_placehold_placehold_placehold_placehold_placehold_pl/lib/python3.6/site-packages/zmq/backend/cython/socket.cpython-36m-aarch64-linux-gnu.so
    setting rpath to: $ORIGIN/../../../../..
patchelf: file: /root/berryconda3-aarch64/conda-bld/pyzmq_1545483184639/_h_env_placehold_placehold_placehold_placehold_placehold_placehold_placehold_placehold_placehold_placehold_placehold_placehold_placehold_placehold_placehold_placehold_placehold_placehold_placehold_pl/lib/python3.6/site-packages/zmq/backend/cython/utils.cpython-36m-aarch64-linux-gnu.so
    setting rpath to: $ORIGIN/../../../../..
patchelf: file: /root/berryconda3-aarch64/conda-bld/pyzmq_1545483184639/_h_env_placehold_placehold_placehold_placehold_placehold_placehold_placehold_placehold_placehold_placehold_placehold_placehold_placehold_placehold_placehold_placehold_placehold_placehold_placehold_pl/lib/python3.6/site-packages/zmq/backend/cython/_poll.cpython-36m-aarch64-linux-gnu.so
    setting rpath to: $ORIGIN/../../../../..
patchelf: file: /root/berryconda3-aarch64/conda-bld/pyzmq_1545483184639/_h_env_placehold_placehold_placehold_placehold_placehold_placehold_placehold_placehold_placehold_placehold_placehold_placehold_placehold_placehold_placehold_placehold_placehold_placehold_placehold_pl/lib/python3.6/site-packages/zmq/devices/monitoredqueue.cpython-36m-aarch64-linux-gnu.so
    setting rpath to: $ORIGIN/../../../..
patchelf: file: /root/berryconda3-aarch64/conda-bld/pyzmq_1545483184639/_h_env_placehold_placehold_placehold_placehold_placehold_placehold_placehold_placehold_placehold_placehold_placehold_placehold_placehold_placehold_placehold_placehold_placehold_placehold_placehold_pl/lib/python3.6/site-packages/zmq/backend/cython/_version.cpython-36m-aarch64-linux-gnu.so
    setting rpath to: $ORIGIN/../../../../..
patchelf: file: /root/berryconda3-aarch64/conda-bld/pyzmq_1545483184639/_h_env_placehold_placehold_placehold_placehold_placehold_placehold_placehold_placehold_placehold_placehold_placehold_placehold_placehold_placehold_placehold_placehold_placehold_placehold_placehold_pl/lib/python3.6/site-packages/zmq/backend/cython/context.cpython-36m-aarch64-linux-gnu.so
    setting rpath to: $ORIGIN/../../../../..
WARNING (pyzmq,lib/python3.6/site-packages/zmq/backend/cython/error.cpython-36m-aarch64-linux-gnu.so): runpaths ['$ORIGIN/../../../../../'] found in /root/berryconda3-aarch64/conda-bld/pyzmq_1545483184639/_h_env_placehold_placehold_placehold_placehold_placehold_placehold_placehold_placehold_placehold_placehold_placehold_placehold_placehold_placehold_placehold_placehold_placehold_placehold_placehold_pl/lib/python3.6/site-packages/zmq/backend/cython/error.cpython-36m-aarch64-linux-gnu.so
   INFO (pyzmq,lib/python3.6/site-packages/zmq/backend/cython/error.cpython-36m-aarch64-linux-gnu.so): Needed DSO lib/libpython3.6m.so.1.0 found in rpi64::python-3.6.6-hd0568c0_1
WARNING (pyzmq,lib/python3.6/site-packages/zmq/backend/cython/error.cpython-36m-aarch64-linux-gnu.so): did not find - or even know where to look for: libc.so.6
WARNING (pyzmq,lib/python3.6/site-packages/zmq/backend/cython/error.cpython-36m-aarch64-linux-gnu.so): did not find - or even know where to look for: librt.so.1
   INFO (pyzmq,lib/python3.6/site-packages/zmq/backend/cython/error.cpython-36m-aarch64-linux-gnu.so): Needed DSO lib/libzmq.so.5 found in local::zeromq-4.2.5-h4f752ac_5
WARNING (pyzmq,lib/python3.6/site-packages/zmq/backend/cython/error.cpython-36m-aarch64-linux-gnu.so): did not find - or even know where to look for: libpthread.so.0
WARNING (pyzmq,lib/python3.6/site-packages/zmq/backend/cython/constants.cpython-36m-aarch64-linux-gnu.so): runpaths ['$ORIGIN/../../../../../'] found in /root/berryconda3-aarch64/conda-bld/pyzmq_1545483184639/_h_env_placehold_placehold_placehold_placehold_placehold_placehold_placehold_placehold_placehold_placehold_placehold_placehold_placehold_placehold_placehold_placehold_placehold_placehold_placehold_pl/lib/python3.6/site-packages/zmq/backend/cython/constants.cpython-36m-aarch64-linux-gnu.so
   INFO (pyzmq,lib/python3.6/site-packages/zmq/backend/cython/constants.cpython-36m-aarch64-linux-gnu.so): Needed DSO lib/libpython3.6m.so.1.0 found in rpi64::python-3.6.6-hd0568c0_1
WARNING (pyzmq,lib/python3.6/site-packages/zmq/backend/cython/constants.cpython-36m-aarch64-linux-gnu.so): did not find - or even know where to look for: libc.so.6
WARNING (pyzmq,lib/python3.6/site-packages/zmq/backend/cython/constants.cpython-36m-aarch64-linux-gnu.so): did not find - or even know where to look for: librt.so.1
   INFO (pyzmq,lib/python3.6/site-packages/zmq/backend/cython/constants.cpython-36m-aarch64-linux-gnu.so): Needed DSO lib/libzmq.so.5 found in local::zeromq-4.2.5-h4f752ac_5
WARNING (pyzmq,lib/python3.6/site-packages/zmq/backend/cython/constants.cpython-36m-aarch64-linux-gnu.so): did not find - or even know where to look for: libpthread.so.0
WARNING (pyzmq,lib/python3.6/site-packages/zmq/backend/cython/message.cpython-36m-aarch64-linux-gnu.so): runpaths ['$ORIGIN/../../../../../'] found in /root/berryconda3-aarch64/conda-bld/pyzmq_1545483184639/_h_env_placehold_placehold_placehold_placehold_placehold_placehold_placehold_placehold_placehold_placehold_placehold_placehold_placehold_placehold_placehold_placehold_placehold_placehold_placehold_pl/lib/python3.6/site-packages/zmq/backend/cython/message.cpython-36m-aarch64-linux-gnu.so
   INFO (pyzmq,lib/python3.6/site-packages/zmq/backend/cython/message.cpython-36m-aarch64-linux-gnu.so): Needed DSO lib/libpython3.6m.so.1.0 found in rpi64::python-3.6.6-hd0568c0_1
WARNING (pyzmq,lib/python3.6/site-packages/zmq/backend/cython/message.cpython-36m-aarch64-linux-gnu.so): did not find - or even know where to look for: libc.so.6
WARNING (pyzmq,lib/python3.6/site-packages/zmq/backend/cython/message.cpython-36m-aarch64-linux-gnu.so): did not find - or even know where to look for: librt.so.1
   INFO (pyzmq,lib/python3.6/site-packages/zmq/backend/cython/message.cpython-36m-aarch64-linux-gnu.so): Needed DSO lib/libzmq.so.5 found in local::zeromq-4.2.5-h4f752ac_5
WARNING (pyzmq,lib/python3.6/site-packages/zmq/backend/cython/message.cpython-36m-aarch64-linux-gnu.so): did not find - or even know where to look for: libpthread.so.0
WARNING (pyzmq,lib/python3.6/site-packages/zmq/backend/cython/_device.cpython-36m-aarch64-linux-gnu.so): runpaths ['$ORIGIN/../../../../../'] found in /root/berryconda3-aarch64/conda-bld/pyzmq_1545483184639/_h_env_placehold_placehold_placehold_placehold_placehold_placehold_placehold_placehold_placehold_placehold_placehold_placehold_placehold_placehold_placehold_placehold_placehold_placehold_placehold_pl/lib/python3.6/site-packages/zmq/backend/cython/_device.cpython-36m-aarch64-linux-gnu.so
   INFO (pyzmq,lib/python3.6/site-packages/zmq/backend/cython/_device.cpython-36m-aarch64-linux-gnu.so): Needed DSO lib/libpython3.6m.so.1.0 found in rpi64::python-3.6.6-hd0568c0_1
WARNING (pyzmq,lib/python3.6/site-packages/zmq/backend/cython/_device.cpython-36m-aarch64-linux-gnu.so): did not find - or even know where to look for: libc.so.6
WARNING (pyzmq,lib/python3.6/site-packages/zmq/backend/cython/_device.cpython-36m-aarch64-linux-gnu.so): did not find - or even know where to look for: librt.so.1
   INFO (pyzmq,lib/python3.6/site-packages/zmq/backend/cython/_device.cpython-36m-aarch64-linux-gnu.so): Needed DSO lib/libzmq.so.5 found in local::zeromq-4.2.5-h4f752ac_5
WARNING (pyzmq,lib/python3.6/site-packages/zmq/backend/cython/_device.cpython-36m-aarch64-linux-gnu.so): did not find - or even know where to look for: libpthread.so.0
WARNING (pyzmq,lib/python3.6/site-packages/zmq/backend/cython/socket.cpython-36m-aarch64-linux-gnu.so): runpaths ['$ORIGIN/../../../../../'] found in /root/berryconda3-aarch64/conda-bld/pyzmq_1545483184639/_h_env_placehold_placehold_placehold_placehold_placehold_placehold_placehold_placehold_placehold_placehold_placehold_placehold_placehold_placehold_placehold_placehold_placehold_placehold_placehold_pl/lib/python3.6/site-packages/zmq/backend/cython/socket.cpython-36m-aarch64-linux-gnu.so
   INFO (pyzmq,lib/python3.6/site-packages/zmq/backend/cython/socket.cpython-36m-aarch64-linux-gnu.so): Needed DSO lib/libpython3.6m.so.1.0 found in rpi64::python-3.6.6-hd0568c0_1
WARNING (pyzmq,lib/python3.6/site-packages/zmq/backend/cython/socket.cpython-36m-aarch64-linux-gnu.so): did not find - or even know where to look for: libc.so.6
WARNING (pyzmq,lib/python3.6/site-packages/zmq/backend/cython/socket.cpython-36m-aarch64-linux-gnu.so): did not find - or even know where to look for: librt.so.1
   INFO (pyzmq,lib/python3.6/site-packages/zmq/backend/cython/socket.cpython-36m-aarch64-linux-gnu.so): Needed DSO lib/libzmq.so.5 found in local::zeromq-4.2.5-h4f752ac_5
WARNING (pyzmq,lib/python3.6/site-packages/zmq/backend/cython/socket.cpython-36m-aarch64-linux-gnu.so): did not find - or even know where to look for: libpthread.so.0
WARNING (pyzmq,lib/python3.6/site-packages/zmq/backend/cython/utils.cpython-36m-aarch64-linux-gnu.so): runpaths ['$ORIGIN/../../../../../'] found in /root/berryconda3-aarch64/conda-bld/pyzmq_1545483184639/_h_env_placehold_placehold_placehold_placehold_placehold_placehold_placehold_placehold_placehold_placehold_placehold_placehold_placehold_placehold_placehold_placehold_placehold_placehold_placehold_pl/lib/python3.6/site-packages/zmq/backend/cython/utils.cpython-36m-aarch64-linux-gnu.so
   INFO (pyzmq,lib/python3.6/site-packages/zmq/backend/cython/utils.cpython-36m-aarch64-linux-gnu.so): Needed DSO lib/libpython3.6m.so.1.0 found in rpi64::python-3.6.6-hd0568c0_1
WARNING (pyzmq,lib/python3.6/site-packages/zmq/backend/cython/utils.cpython-36m-aarch64-linux-gnu.so): did not find - or even know where to look for: libc.so.6
WARNING (pyzmq,lib/python3.6/site-packages/zmq/backend/cython/utils.cpython-36m-aarch64-linux-gnu.so): did not find - or even know where to look for: librt.so.1
   INFO (pyzmq,lib/python3.6/site-packages/zmq/backend/cython/utils.cpython-36m-aarch64-linux-gnu.so): Needed DSO lib/libzmq.so.5 found in local::zeromq-4.2.5-h4f752ac_5
WARNING (pyzmq,lib/python3.6/site-packages/zmq/backend/cython/utils.cpython-36m-aarch64-linux-gnu.so): did not find - or even know where to look for: libpthread.so.0
WARNING (pyzmq,lib/python3.6/site-packages/zmq/backend/cython/_poll.cpython-36m-aarch64-linux-gnu.so): runpaths ['$ORIGIN/../../../../../'] found in /root/berryconda3-aarch64/conda-bld/pyzmq_1545483184639/_h_env_placehold_placehold_placehold_placehold_placehold_placehold_placehold_placehold_placehold_placehold_placehold_placehold_placehold_placehold_placehold_placehold_placehold_placehold_placehold_pl/lib/python3.6/site-packages/zmq/backend/cython/_poll.cpython-36m-aarch64-linux-gnu.so
   INFO (pyzmq,lib/python3.6/site-packages/zmq/backend/cython/_poll.cpython-36m-aarch64-linux-gnu.so): Needed DSO lib/libpython3.6m.so.1.0 found in rpi64::python-3.6.6-hd0568c0_1
WARNING (pyzmq,lib/python3.6/site-packages/zmq/backend/cython/_poll.cpython-36m-aarch64-linux-gnu.so): did not find - or even know where to look for: libc.so.6
WARNING (pyzmq,lib/python3.6/site-packages/zmq/backend/cython/_poll.cpython-36m-aarch64-linux-gnu.so): did not find - or even know where to look for: librt.so.1
   INFO (pyzmq,lib/python3.6/site-packages/zmq/backend/cython/_poll.cpython-36m-aarch64-linux-gnu.so): Needed DSO lib/libzmq.so.5 found in local::zeromq-4.2.5-h4f752ac_5
WARNING (pyzmq,lib/python3.6/site-packages/zmq/backend/cython/_poll.cpython-36m-aarch64-linux-gnu.so): did not find - or even know where to look for: libpthread.so.0
WARNING (pyzmq,lib/python3.6/site-packages/zmq/devices/monitoredqueue.cpython-36m-aarch64-linux-gnu.so): runpaths ['$ORIGIN/../../../../'] found in /root/berryconda3-aarch64/conda-bld/pyzmq_1545483184639/_h_env_placehold_placehold_placehold_placehold_placehold_placehold_placehold_placehold_placehold_placehold_placehold_placehold_placehold_placehold_placehold_placehold_placehold_placehold_placehold_pl/lib/python3.6/site-packages/zmq/devices/monitoredqueue.cpython-36m-aarch64-linux-gnu.so
   INFO (pyzmq,lib/python3.6/site-packages/zmq/devices/monitoredqueue.cpython-36m-aarch64-linux-gnu.so): Needed DSO lib/libzmq.so.5 found in local::zeromq-4.2.5-h4f752ac_5
WARNING (pyzmq,lib/python3.6/site-packages/zmq/devices/monitoredqueue.cpython-36m-aarch64-linux-gnu.so): did not find - or even know where to look for: libc.so.6
WARNING (pyzmq,lib/python3.6/site-packages/zmq/devices/monitoredqueue.cpython-36m-aarch64-linux-gnu.so): did not find - or even know where to look for: librt.so.1
WARNING (pyzmq,lib/python3.6/site-packages/zmq/devices/monitoredqueue.cpython-36m-aarch64-linux-gnu.so): did not find - or even know where to look for: libpthread.so.0
   INFO (pyzmq,lib/python3.6/site-packages/zmq/devices/monitoredqueue.cpython-36m-aarch64-linux-gnu.so): Needed DSO lib/libpython3.6m.so.1.0 found in rpi64::python-3.6.6-hd0568c0_1
WARNING (pyzmq,lib/python3.6/site-packages/zmq/backend/cython/_version.cpython-36m-aarch64-linux-gnu.so): runpaths ['$ORIGIN/../../../../../'] found in /root/berryconda3-aarch64/conda-bld/pyzmq_1545483184639/_h_env_placehold_placehold_placehold_placehold_placehold_placehold_placehold_placehold_placehold_placehold_placehold_placehold_placehold_placehold_placehold_placehold_placehold_placehold_placehold_pl/lib/python3.6/site-packages/zmq/backend/cython/_version.cpython-36m-aarch64-linux-gnu.so
   INFO (pyzmq,lib/python3.6/site-packages/zmq/backend/cython/_version.cpython-36m-aarch64-linux-gnu.so): Needed DSO lib/libpython3.6m.so.1.0 found in rpi64::python-3.6.6-hd0568c0_1
WARNING (pyzmq,lib/python3.6/site-packages/zmq/backend/cython/_version.cpython-36m-aarch64-linux-gnu.so): did not find - or even know where to look for: libc.so.6
WARNING (pyzmq,lib/python3.6/site-packages/zmq/backend/cython/_version.cpython-36m-aarch64-linux-gnu.so): did not find - or even know where to look for: librt.so.1
   INFO (pyzmq,lib/python3.6/site-packages/zmq/backend/cython/_version.cpython-36m-aarch64-linux-gnu.so): Needed DSO lib/libzmq.so.5 found in local::zeromq-4.2.5-h4f752ac_5
WARNING (pyzmq,lib/python3.6/site-packages/zmq/backend/cython/_version.cpython-36m-aarch64-linux-gnu.so): did not find - or even know where to look for: libpthread.so.0
WARNING (pyzmq,lib/python3.6/site-packages/zmq/backend/cython/context.cpython-36m-aarch64-linux-gnu.so): runpaths ['$ORIGIN/../../../../../'] found in /root/berryconda3-aarch64/conda-bld/pyzmq_1545483184639/_h_env_placehold_placehold_placehold_placehold_placehold_placehold_placehold_placehold_placehold_placehold_placehold_placehold_placehold_placehold_placehold_placehold_placehold_placehold_placehold_pl/lib/python3.6/site-packages/zmq/backend/cython/context.cpython-36m-aarch64-linux-gnu.so
   INFO (pyzmq,lib/python3.6/site-packages/zmq/backend/cython/context.cpython-36m-aarch64-linux-gnu.so): Needed DSO lib/libpython3.6m.so.1.0 found in rpi64::python-3.6.6-hd0568c0_1
WARNING (pyzmq,lib/python3.6/site-packages/zmq/backend/cython/context.cpython-36m-aarch64-linux-gnu.so): did not find - or even know where to look for: libc.so.6
WARNING (pyzmq,lib/python3.6/site-packages/zmq/backend/cython/context.cpython-36m-aarch64-linux-gnu.so): did not find - or even know where to look for: librt.so.1
   INFO (pyzmq,lib/python3.6/site-packages/zmq/backend/cython/context.cpython-36m-aarch64-linux-gnu.so): Needed DSO lib/libzmq.so.5 found in local::zeromq-4.2.5-h4f752ac_5
WARNING (pyzmq,lib/python3.6/site-packages/zmq/backend/cython/context.cpython-36m-aarch64-linux-gnu.so): did not find - or even know where to look for: libpthread.so.0
Fixing permissions
Detected hard-coded path in text file lib/python3.6/site-packages/zmq/utils/compiler.json
Detected hard-coded path in text file lib/python3.6/site-packages/zmq/utils/config.json
Detected hard-coded path in binary file lib/python3.6/site-packages/zmq/backend/cython/_device.cpython-36m-aarch64-linux-gnu.so
Detected hard-coded path in binary file lib/python3.6/site-packages/zmq/backend/cython/_poll.cpython-36m-aarch64-linux-gnu.so
Detected hard-coded path in binary file lib/python3.6/site-packages/zmq/backend/cython/_version.cpython-36m-aarch64-linux-gnu.so
Detected hard-coded path in binary file lib/python3.6/site-packages/zmq/backend/cython/constants.cpython-36m-aarch64-linux-gnu.so
Detected hard-coded path in binary file lib/python3.6/site-packages/zmq/backend/cython/context.cpython-36m-aarch64-linux-gnu.so
Detected hard-coded path in binary file lib/python3.6/site-packages/zmq/backend/cython/error.cpython-36m-aarch64-linux-gnu.so
Detected hard-coded path in binary file lib/python3.6/site-packages/zmq/backend/cython/message.cpython-36m-aarch64-linux-gnu.so
Detected hard-coded path in binary file lib/python3.6/site-packages/zmq/backend/cython/socket.cpython-36m-aarch64-linux-gnu.so
Detected hard-coded path in binary file lib/python3.6/site-packages/zmq/backend/cython/utils.cpython-36m-aarch64-linux-gnu.so
Detected hard-coded path in binary file lib/python3.6/site-packages/zmq/devices/monitoredqueue.cpython-36m-aarch64-linux-gnu.so
updating: pyzmq-17.1.2-py36h7dfa1d7_0.tar.bz2
TEST START: /root/berryconda3-aarch64/conda-bld/linux-aarch64/pyzmq-17.1.2-py36h7dfa1d7_0.tar.bz2
Renaming build prefix directory,  /root/berryconda3-aarch64/conda-bld/pyzmq_1545483184639/_build_env  to  /root/berryconda3-aarch64/conda-bld/pyzmq_1545483184639/build_prefix_moved_pyzmq-17.1.2-py36h7dfa1d7_0_linux-aarch64
Renaming work directory,  /root/berryconda3-aarch64/conda-bld/pyzmq_1545483184639/work  to  /root/berryconda3-aarch64/conda-bld/pyzmq_1545483184639/work_moved_pyzmq-17.1.2-py36h7dfa1d7_0_linux-aarch64
Solving environment: ...working... done

## Package Plan ##

  environment location: /root/berryconda3-aarch64/conda-bld/pyzmq_1545483184639/_test_env_placehold_placehold_placehold_placehold_placehold_placehold_placehold_placehold_placehold_placehold_placehold_placehold_placehold_placehold_placehold_placehold_placehold_placehold_placehold


The following NEW packages will be INSTALLED:

    ca-certificates: 2018.11.29-h118df0a_0 local       
    certifi:         2018.11.29-py36_1000  local       
    libsodium:       1.0.10-0              aarch64_gbox
    ncurses:         6.1-h4f752ac_1        local       
    openssl:         1.0.2p-hdff2a78_1001  rpi64       
    py:              1.4.33-py_0           aarch64_gbox
    pytest:          3.0.7-py_0            aarch64_gbox
    python:          3.6.6-hd0568c0_1      rpi64       
    pyzmq:           17.1.2-py36h7dfa1d7_0 local       
    readline:        7.0-hcb560eb_1        local       
    setuptools:      40.2.0-py36_0         local       
    sqlite:          3.26.0-hd574d03_1000  local       
    xz:              5.2.4-hdff2a78_1      rpi64       
    zeromq:          4.2.5-h4f752ac_5      local       
    zlib:            1.2.11-hdff2a78_1003  rpi64       

Preparing transaction: ...working... done
Verifying transaction: ...working... done
Executing transaction: ...working... done
import: 'zmq'
import: 'zmq.backend.cython.socket'
import: 'zmq.backend.cython.utils'
import: 'zmq.devices.monitoredqueue'
+ py.test --pyargs zmq.tests.test_socket
============================= test session starts ==============================
platform linux -- Python 3.6.6, pytest-3.0.7, py-1.4.33, pluggy-0.4.0
rootdir: /root/berryconda3-aarch64/conda-bld/pyzmq_1545483184639/test_tmp, inifile:
collected 30 items

. ..................Traceback (most recent call last):
  File "/root/berryconda3-aarch64/bin/conda-build", line 11, in <module>
    sys.exit(main())
  File "/root/berryconda3-aarch64/lib/python3.6/site-packages/conda_build/cli/main_build.py", line 424, in main
    execute(sys.argv[1:])
  File "/root/berryconda3-aarch64/lib/python3.6/site-packages/conda_build/cli/main_build.py", line 415, in execute
    verify=args.verify)
  File "/root/berryconda3-aarch64/lib/python3.6/site-packages/conda_build/api.py", line 200, in build
    notest=notest, need_source_download=need_source_download, variants=variants)
  File "/root/berryconda3-aarch64/lib/python3.6/site-packages/conda_build/build.py", line 2212, in build_tree
    test(pkg, config=metadata.config.copy(), stats=stats)
  File "/root/berryconda3-aarch64/lib/python3.6/site-packages/conda_build/build.py", line 2059, in test
    utils.check_call_env(cmd, env=env, cwd=metadata.config.test_dir, stats=test_stats)
  File "/root/berryconda3-aarch64/lib/python3.6/site-packages/conda_build/utils.py", line 310, in check_call_env
    return _func_defaulting_env_to_os_environ('call', *popenargs, **kwargs)
  File "/root/berryconda3-aarch64/lib/python3.6/site-packages/conda_build/utils.py", line 285, in _func_defaulting_env_to_os_environ
    proc = PopenWrapper(_args, **kwargs)
  File "/root/berryconda3-aarch64/lib/python3.6/site-packages/conda_build/utils.py", line 174, in __init__
    self.out, self.err = self._execute(*args, **kwargs)
  File "/root/berryconda3-aarch64/lib/python3.6/site-packages/conda_build/utils.py", line 237, in _execute
    self.disk = max(directory_size(disk_usage_dir), self.disk)
  File "/root/berryconda3-aarch64/lib/python3.6/site-packages/conda_build/utils.py", line 129, in directory_size
    out = subprocess.check_output(command.format(path).split(), stderr=subprocess.PIPE)
  File "/root/berryconda3-aarch64/lib/python3.6/subprocess.py", line 336, in check_output
    **kwargs).stdout
  File "/root/berryconda3-aarch64/lib/python3.6/subprocess.py", line 403, in run
    with Popen(*popenargs, **kwargs) as process:
  File "/root/berryconda3-aarch64/lib/python3.6/subprocess.py", line 707, in __init__
    c2pread, c2pwrite,
  File "/root/berryconda3-aarch64/lib/python3.6/subprocess.py", line 1260, in _execute_child
    executable_list = (executable,)
OSError: [Errno 12] Cannot allocate memory
